{"/home/ext_vogrigor/repos/naksu/naksu-admin/src/schemas/userInfoSchema.ts": {"path":"/home/ext_vogrigor/repos/naksu/naksu-admin/src/schemas/userInfoSchema.ts","statementMap":{"0":{"start":{"line":3,"column":30},"end":{"line":9,"column":null}}},"fnMap":{},"branchMap":{},"s":{"0":1},"f":{},"b":{},"meta":{"lastBranch":0,"lastFunction":0,"lastStatement":1,"seen":{"s:3:30:9:Infinity":0}}}
,"/home/ext_vogrigor/repos/naksu/naksu-admin/src/schemas/userPlanSchema.ts": {"path":"/home/ext_vogrigor/repos/naksu/naksu-admin/src/schemas/userPlanSchema.ts","statementMap":{"0":{"start":{"line":3,"column":29},"end":{"line":11,"column":null}},"1":{"start":{"line":13,"column":36},"end":{"line":29,"column":null}},"2":{"start":{"line":31,"column":33},"end":{"line":33,"column":null}}},"fnMap":{},"branchMap":{},"s":{"0":1,"1":1,"2":1},"f":{},"b":{},"meta":{"lastBranch":0,"lastFunction":0,"lastStatement":3,"seen":{"s:3:29:11:Infinity":0,"s:13:36:29:Infinity":1,"s:31:33:33:Infinity":2}}}
,"/home/ext_vogrigor/repos/naksu/naksu-admin/src/store/usersStore.ts": {"path":"/home/ext_vogrigor/repos/naksu/naksu-admin/src/store/usersStore.ts","statementMap":{"0":{"start":{"line":48,"column":13},"end":{"line":58,"column":null}},"1":{"start":{"line":48,"column":58},"end":{"line":58,"column":2}},"2":{"start":{"line":50,"column":23},"end":{"line":50,"column":null}},"3":{"start":{"line":51,"column":21},"end":{"line":51,"column":null}},"4":{"start":{"line":51,"column":37},"end":{"line":51,"column":71}},"5":{"start":{"line":53,"column":4},"end":{"line":57,"column":null}},"6":{"start":{"line":53,"column":20},"end":{"line":57,"column":6}},"7":{"start":{"line":55,"column":8},"end":{"line":55,"column":null}}},"fnMap":{"0":{"name":"(anonymous_0)","decl":{"start":{"line":48,"column":48},"end":{"line":48,"column":49}},"loc":{"start":{"line":48,"column":58},"end":{"line":58,"column":2}},"line":48},"1":{"name":"(anonymous_1)","decl":{"start":{"line":50,"column":12},"end":{"line":50,"column":13}},"loc":{"start":{"line":50,"column":23},"end":{"line":50,"column":null}},"line":50},"2":{"name":"(anonymous_2)","decl":{"start":{"line":51,"column":11},"end":{"line":51,"column":12}},"loc":{"start":{"line":51,"column":21},"end":{"line":51,"column":null}},"line":51},"3":{"name":"(anonymous_3)","decl":{"start":{"line":51,"column":25},"end":{"line":51,"column":26}},"loc":{"start":{"line":51,"column":37},"end":{"line":51,"column":71}},"line":51},"4":{"name":"(anonymous_4)","decl":{"start":{"line":52,"column":14},"end":{"line":52,"column":15}},"loc":{"start":{"line":53,"column":4},"end":{"line":57,"column":null}},"line":53},"5":{"name":"(anonymous_5)","decl":{"start":{"line":53,"column":8},"end":{"line":53,"column":9}},"loc":{"start":{"line":53,"column":20},"end":{"line":57,"column":6}},"line":53},"6":{"name":"(anonymous_6)","decl":{"start":{"line":54,"column":29},"end":{"line":54,"column":30}},"loc":{"start":{"line":55,"column":8},"end":{"line":55,"column":null}},"line":55}},"branchMap":{"0":{"loc":{"start":{"line":55,"column":8},"end":{"line":55,"column":null}},"type":"cond-expr","locations":[{"start":{"line":55,"column":22},"end":{"line":55,"column":42}},{"start":{"line":55,"column":42},"end":{"line":55,"column":null}}],"line":55}},"s":{"0":1,"1":1,"2":9,"3":2,"4":2,"5":4,"6":4,"7":5},"f":{"0":1,"1":9,"2":2,"3":2,"4":4,"5":4,"6":5},"b":{"0":[3,2]},"meta":{"lastBranch":1,"lastFunction":7,"lastStatement":8,"seen":{"s:48:13:58:Infinity":0,"f:48:48:48:49":0,"s:48:58:58:2":1,"f:50:12:50:13":1,"s:50:23:50:Infinity":2,"f:51:11:51:12":2,"s:51:21:51:Infinity":3,"f:51:25:51:26":3,"s:51:37:51:71":4,"f:52:14:52:15":4,"s:53:4:57:Infinity":5,"f:53:8:53:9":5,"s:53:20:57:6":6,"f:54:29:54:30":6,"s:55:8:55:Infinity":7,"b:55:22:55:42:55:42:55:Infinity":0}}}
,"/home/ext_vogrigor/repos/naksu/naksu-admin/src/utils/helpers/getPaymentStatus.ts": {"path":"/home/ext_vogrigor/repos/naksu/naksu-admin/src/utils/helpers/getPaymentStatus.ts","statementMap":{"0":{"start":{"line":5,"column":2},"end":{"line":5,"column":null}},"1":{"start":{"line":5,"column":32},"end":{"line":5,"column":null}},"2":{"start":{"line":7,"column":20},"end":{"line":10,"column":null}},"3":{"start":{"line":8,"column":16},"end":{"line":8,"column":null}},"4":{"start":{"line":12,"column":19},"end":{"line":15,"column":null}},"5":{"start":{"line":13,"column":16},"end":{"line":13,"column":null}},"6":{"start":{"line":17,"column":2},"end":{"line":17,"column":null}},"7":{"start":{"line":17,"column":29},"end":{"line":17,"column":null}},"8":{"start":{"line":18,"column":2},"end":{"line":18,"column":null}},"9":{"start":{"line":18,"column":23},"end":{"line":18,"column":null}},"10":{"start":{"line":19,"column":2},"end":{"line":19,"column":null}}},"fnMap":{"0":{"name":"getPaymentStatus","decl":{"start":{"line":4,"column":16},"end":{"line":4,"column":33}},"loc":{"start":{"line":4,"column":60},"end":{"line":20,"column":null}},"line":4},"1":{"name":"(anonymous_1)","decl":{"start":{"line":8,"column":4},"end":{"line":8,"column":5}},"loc":{"start":{"line":8,"column":16},"end":{"line":8,"column":null}},"line":8},"2":{"name":"(anonymous_2)","decl":{"start":{"line":13,"column":4},"end":{"line":13,"column":5}},"loc":{"start":{"line":13,"column":16},"end":{"line":13,"column":null}},"line":13}},"branchMap":{"0":{"loc":{"start":{"line":5,"column":2},"end":{"line":5,"column":null}},"type":"if","locations":[{"start":{"line":5,"column":2},"end":{"line":5,"column":null}},{"start":{},"end":{}}],"line":5},"1":{"loc":{"start":{"line":13,"column":23},"end":{"line":13,"column":47}},"type":"binary-expr","locations":[{"start":{"line":13,"column":23},"end":{"line":13,"column":42}},{"start":{"line":13,"column":42},"end":{"line":13,"column":47}}],"line":13},"2":{"loc":{"start":{"line":17,"column":2},"end":{"line":17,"column":null}},"type":"if","locations":[{"start":{"line":17,"column":2},"end":{"line":17,"column":null}},{"start":{},"end":{}}],"line":17},"3":{"loc":{"start":{"line":18,"column":2},"end":{"line":18,"column":null}},"type":"if","locations":[{"start":{"line":18,"column":2},"end":{"line":18,"column":null}},{"start":{},"end":{}}],"line":18}},"s":{"0":8,"1":1,"2":7,"3":9,"4":7,"5":9,"6":7,"7":4,"8":3,"9":1,"10":2},"f":{"0":8,"1":9,"2":9},"b":{"0":[1,7],"1":[9,1],"2":[4,3],"3":[1,2]},"meta":{"lastBranch":4,"lastFunction":3,"lastStatement":11,"seen":{"f:4:16:4:33":0,"b:5:2:5:Infinity:undefined:undefined:undefined:undefined":0,"s:5:2:5:Infinity":0,"s:5:32:5:Infinity":1,"s:7:20:10:Infinity":2,"f:8:4:8:5":1,"s:8:16:8:Infinity":3,"s:12:19:15:Infinity":4,"f:13:4:13:5":2,"s:13:16:13:Infinity":5,"b:13:23:13:42:13:42:13:47":1,"b:17:2:17:Infinity:undefined:undefined:undefined:undefined":2,"s:17:2:17:Infinity":6,"s:17:29:17:Infinity":7,"b:18:2:18:Infinity:undefined:undefined:undefined:undefined":3,"s:18:2:18:Infinity":8,"s:18:23:18:Infinity":9,"s:19:2:19:Infinity":10}}}
,"/home/ext_vogrigor/repos/naksu/naksu-admin/src/views/users/columns.tsx": {"path":"/home/ext_vogrigor/repos/naksu/naksu-admin/src/views/users/columns.tsx","statementMap":{"0":{"start":{"line":17,"column":86},"end":{"line":21,"column":null}},"1":{"start":{"line":26,"column":4},"end":{"line":34,"column":null}},"2":{"start":{"line":36,"column":21},"end":{"line":36,"column":null}},"3":{"start":{"line":39,"column":13},"end":{"line":39,"column":null}},"4":{"start":{"line":40,"column":2},"end":{"line":42,"column":null}},"5":{"start":{"line":40,"column":15},"end":{"line":40,"column":18}},"6":{"start":{"line":41,"column":4},"end":{"line":41,"column":null}},"7":{"start":{"line":43,"column":2},"end":{"line":43,"column":null}},"8":{"start":{"line":47,"column":2},"end":{"line":47,"column":null}},"9":{"start":{"line":47,"column":48},"end":{"line":47,"column":52}},"10":{"start":{"line":57,"column":2},"end":{"line":57,"column":null}},"11":{"start":{"line":57,"column":33},"end":{"line":57,"column":null}},"12":{"start":{"line":58,"column":2},"end":{"line":70,"column":null}},"13":{"start":{"line":61,"column":21},"end":{"line":61,"column":null}},"14":{"start":{"line":62,"column":8},"end":{"line":67,"column":null}},"15":{"start":{"line":75,"column":2},"end":{"line":75,"column":null}},"16":{"start":{"line":75,"column":41},"end":{"line":75,"column":null}},"17":{"start":{"line":76,"column":2},"end":{"line":88,"column":null}},"18":{"start":{"line":79,"column":21},"end":{"line":79,"column":null}},"19":{"start":{"line":80,"column":8},"end":{"line":85,"column":null}},"20":{"start":{"line":93,"column":2},"end":{"line":105,"column":null}},"21":{"start":{"line":96,"column":78},"end":{"line":96,"column":99}},"22":{"start":{"line":96,"column":99},"end":{"line":96,"column":131}},"23":{"start":{"line":101,"column":75},"end":{"line":101,"column":null}},"24":{"start":{"line":110,"column":2},"end":{"line":175,"column":null}},"25":{"start":{"line":117,"column":8},"end":{"line":132,"column":null}},"26":{"start":{"line":140,"column":32},"end":{"line":140,"column":null}},"27":{"start":{"line":146,"column":32},"end":{"line":146,"column":null}},"28":{"start":{"line":152,"column":32},"end":{"line":152,"column":null}},"29":{"start":{"line":158,"column":32},"end":{"line":158,"column":null}},"30":{"start":{"line":165,"column":8},"end":{"line":167,"column":null}},"31":{"start":{"line":173,"column":32},"end":{"line":173,"column":null}},"32":{"start":{"line":179,"column":2},"end":{"line":257,"column":null}},"33":{"start":{"line":186,"column":8},"end":{"line":201,"column":null}},"34":{"start":{"line":209,"column":32},"end":{"line":209,"column":null}},"35":{"start":{"line":215,"column":32},"end":{"line":215,"column":null}},"36":{"start":{"line":221,"column":32},"end":{"line":221,"column":null}},"37":{"start":{"line":229,"column":8},"end":{"line":231,"column":null}},"38":{"start":{"line":233,"column":38},"end":{"line":233,"column":null}},"39":{"start":{"line":239,"column":32},"end":{"line":239,"column":null}},"40":{"start":{"line":246,"column":14},"end":{"line":246,"column":null}},"41":{"start":{"line":247,"column":23},"end":{"line":247,"column":null}},"42":{"start":{"line":248,"column":8},"end":{"line":248,"column":null}},"43":{"start":{"line":255,"column":32},"end":{"line":255,"column":null}}},"fnMap":{"0":{"name":"getAvatarColor","decl":{"start":{"line":38,"column":16},"end":{"line":38,"column":31}},"loc":{"start":{"line":38,"column":53},"end":{"line":44,"column":null}},"line":38},"1":{"name":"getInitials","decl":{"start":{"line":46,"column":16},"end":{"line":46,"column":28}},"loc":{"start":{"line":46,"column":50},"end":{"line":48,"column":null}},"line":46},"2":{"name":"(anonymous_2)","decl":{"start":{"line":47,"column":41},"end":{"line":47,"column":42}},"loc":{"start":{"line":47,"column":48},"end":{"line":47,"column":52}},"line":47},"3":{"name":"MembershipBadges","decl":{"start":{"line":56,"column":9},"end":{"line":56,"column":26}},"loc":{"start":{"line":56,"column":52},"end":{"line":72,"column":null}},"line":56},"4":{"name":"(anonymous_4)","decl":{"start":{"line":60,"column":28},"end":{"line":60,"column":29}},"loc":{"start":{"line":60,"column":38},"end":{"line":69,"column":7}},"line":60},"5":{"name":"DisciplineBadges","decl":{"start":{"line":74,"column":9},"end":{"line":74,"column":26}},"loc":{"start":{"line":74,"column":52},"end":{"line":90,"column":null}},"line":74},"6":{"name":"(anonymous_6)","decl":{"start":{"line":78,"column":36},"end":{"line":78,"column":37}},"loc":{"start":{"line":78,"column":43},"end":{"line":87,"column":7}},"line":78},"7":{"name":"RowActions","decl":{"start":{"line":92,"column":9},"end":{"line":92,"column":20}},"loc":{"start":{"line":92,"column":113},"end":{"line":107,"column":null}},"line":92},"8":{"name":"(anonymous_8)","decl":{"start":{"line":96,"column":69},"end":{"line":96,"column":70}},"loc":{"start":{"line":96,"column":76},"end":{"line":96,"column":null}},"line":96},"9":{"name":"(anonymous_9)","decl":{"start":{"line":101,"column":68},"end":{"line":101,"column":69}},"loc":{"start":{"line":101,"column":75},"end":{"line":101,"column":null}},"line":101},"10":{"name":"getTrainerColumns","decl":{"start":{"line":109,"column":16},"end":{"line":109,"column":34}},"loc":{"start":{"line":109,"column":63},"end":{"line":176,"column":null}},"line":109},"11":{"name":"(anonymous_11)","decl":{"start":{"line":116,"column":14},"end":{"line":116,"column":15}},"loc":{"start":{"line":117,"column":8},"end":{"line":132,"column":null}},"line":117},"12":{"name":"(anonymous_12)","decl":{"start":{"line":140,"column":14},"end":{"line":140,"column":15}},"loc":{"start":{"line":140,"column":32},"end":{"line":140,"column":null}},"line":140},"13":{"name":"(anonymous_13)","decl":{"start":{"line":146,"column":14},"end":{"line":146,"column":15}},"loc":{"start":{"line":146,"column":32},"end":{"line":146,"column":null}},"line":146},"14":{"name":"(anonymous_14)","decl":{"start":{"line":152,"column":14},"end":{"line":152,"column":15}},"loc":{"start":{"line":152,"column":32},"end":{"line":152,"column":null}},"line":152},"15":{"name":"(anonymous_15)","decl":{"start":{"line":158,"column":14},"end":{"line":158,"column":15}},"loc":{"start":{"line":158,"column":32},"end":{"line":158,"column":null}},"line":158},"16":{"name":"(anonymous_16)","decl":{"start":{"line":164,"column":14},"end":{"line":164,"column":15}},"loc":{"start":{"line":165,"column":8},"end":{"line":167,"column":null}},"line":165},"17":{"name":"(anonymous_17)","decl":{"start":{"line":173,"column":14},"end":{"line":173,"column":15}},"loc":{"start":{"line":173,"column":32},"end":{"line":173,"column":null}},"line":173},"18":{"name":"getUserColumns","decl":{"start":{"line":178,"column":16},"end":{"line":178,"column":31}},"loc":{"start":{"line":178,"column":60},"end":{"line":258,"column":null}},"line":178},"19":{"name":"(anonymous_19)","decl":{"start":{"line":185,"column":14},"end":{"line":185,"column":15}},"loc":{"start":{"line":186,"column":8},"end":{"line":201,"column":null}},"line":186},"20":{"name":"(anonymous_20)","decl":{"start":{"line":209,"column":14},"end":{"line":209,"column":15}},"loc":{"start":{"line":209,"column":32},"end":{"line":209,"column":null}},"line":209},"21":{"name":"(anonymous_21)","decl":{"start":{"line":215,"column":14},"end":{"line":215,"column":15}},"loc":{"start":{"line":215,"column":32},"end":{"line":215,"column":null}},"line":215},"22":{"name":"(anonymous_22)","decl":{"start":{"line":221,"column":14},"end":{"line":221,"column":15}},"loc":{"start":{"line":221,"column":32},"end":{"line":221,"column":null}},"line":221},"23":{"name":"(anonymous_23)","decl":{"start":{"line":228,"column":14},"end":{"line":228,"column":15}},"loc":{"start":{"line":229,"column":8},"end":{"line":231,"column":null}},"line":229},"24":{"name":"(anonymous_24)","decl":{"start":{"line":233,"column":20},"end":{"line":233,"column":21}},"loc":{"start":{"line":233,"column":38},"end":{"line":233,"column":null}},"line":233},"25":{"name":"(anonymous_25)","decl":{"start":{"line":239,"column":14},"end":{"line":239,"column":15}},"loc":{"start":{"line":239,"column":32},"end":{"line":239,"column":null}},"line":239},"26":{"name":"(anonymous_26)","decl":{"start":{"line":245,"column":14},"end":{"line":245,"column":15}},"loc":{"start":{"line":245,"column":32},"end":{"line":249,"column":null}},"line":245},"27":{"name":"(anonymous_27)","decl":{"start":{"line":255,"column":14},"end":{"line":255,"column":15}},"loc":{"start":{"line":255,"column":32},"end":{"line":255,"column":null}},"line":255}},"branchMap":{"0":{"loc":{"start":{"line":57,"column":2},"end":{"line":57,"column":null}},"type":"if","locations":[{"start":{"line":57,"column":2},"end":{"line":57,"column":null}},{"start":{},"end":{}}],"line":57},"1":{"loc":{"start":{"line":63,"column":37},"end":{"line":63,"column":63}},"type":"binary-expr","locations":[{"start":{"line":63,"column":37},"end":{"line":63,"column":52}},{"start":{"line":63,"column":52},"end":{"line":63,"column":63}}],"line":63},"2":{"loc":{"start":{"line":64,"column":64},"end":{"line":64,"column":87}},"type":"binary-expr","locations":[{"start":{"line":64,"column":64},"end":{"line":64,"column":79}},{"start":{"line":64,"column":79},"end":{"line":64,"column":87}}],"line":64},"3":{"loc":{"start":{"line":65,"column":15},"end":{"line":65,"column":null}},"type":"binary-expr","locations":[{"start":{"line":65,"column":15},"end":{"line":65,"column":33}},{"start":{"line":65,"column":33},"end":{"line":65,"column":null}}],"line":65},"4":{"loc":{"start":{"line":75,"column":2},"end":{"line":75,"column":null}},"type":"if","locations":[{"start":{"line":75,"column":2},"end":{"line":75,"column":null}},{"start":{},"end":{}}],"line":75},"5":{"loc":{"start":{"line":81,"column":34},"end":{"line":81,"column":52}},"type":"binary-expr","locations":[{"start":{"line":81,"column":34},"end":{"line":81,"column":49}},{"start":{"line":81,"column":49},"end":{"line":81,"column":52}}],"line":81},"6":{"loc":{"start":{"line":82,"column":64},"end":{"line":82,"column":87}},"type":"binary-expr","locations":[{"start":{"line":82,"column":64},"end":{"line":82,"column":79}},{"start":{"line":82,"column":79},"end":{"line":82,"column":87}}],"line":82},"7":{"loc":{"start":{"line":83,"column":15},"end":{"line":83,"column":null}},"type":"binary-expr","locations":[{"start":{"line":83,"column":15},"end":{"line":83,"column":33}},{"start":{"line":83,"column":33},"end":{"line":83,"column":null}}],"line":83},"8":{"loc":{"start":{"line":124,"column":64},"end":{"line":124,"column":null}},"type":"cond-expr","locations":[{"start":{"line":124,"column":80},"end":{"line":124,"column":90}},{"start":{"line":124,"column":90},"end":{"line":124,"column":null}}],"line":124},"9":{"loc":{"start":{"line":125,"column":17},"end":{"line":125,"column":null}},"type":"cond-expr","locations":[{"start":{"line":125,"column":33},"end":{"line":125,"column":44}},{"start":{"line":125,"column":44},"end":{"line":125,"column":null}}],"line":125},"10":{"loc":{"start":{"line":127,"column":15},"end":{"line":128,"column":null}},"type":"binary-expr","locations":[{"start":{"line":127,"column":15},"end":{"line":127,"column":null}},{"start":{"line":128,"column":16},"end":{"line":128,"column":null}}],"line":127},"11":{"loc":{"start":{"line":146,"column":51},"end":{"line":146,"column":89}},"type":"cond-expr","locations":[{"start":{"line":146,"column":66},"end":{"line":146,"column":78}},{"start":{"line":146,"column":78},"end":{"line":146,"column":89}}],"line":146},"12":{"loc":{"start":{"line":146,"column":89},"end":{"line":146,"column":109}},"type":"binary-expr","locations":[{"start":{"line":146,"column":89},"end":{"line":146,"column":105}},{"start":{"line":146,"column":105},"end":{"line":146,"column":109}}],"line":146},"13":{"loc":{"start":{"line":152,"column":51},"end":{"line":152,"column":87}},"type":"cond-expr","locations":[{"start":{"line":152,"column":64},"end":{"line":152,"column":76}},{"start":{"line":152,"column":76},"end":{"line":152,"column":87}}],"line":152},"14":{"loc":{"start":{"line":152,"column":87},"end":{"line":152,"column":105}},"type":"binary-expr","locations":[{"start":{"line":152,"column":87},"end":{"line":152,"column":101}},{"start":{"line":152,"column":101},"end":{"line":152,"column":105}}],"line":152},"15":{"loc":{"start":{"line":165,"column":8},"end":{"line":167,"column":null}},"type":"cond-expr","locations":[{"start":{"line":166,"column":12},"end":{"line":166,"column":null}},{"start":{"line":167,"column":12},"end":{"line":167,"column":null}}],"line":165},"16":{"loc":{"start":{"line":193,"column":64},"end":{"line":193,"column":null}},"type":"cond-expr","locations":[{"start":{"line":193,"column":80},"end":{"line":193,"column":90}},{"start":{"line":193,"column":90},"end":{"line":193,"column":null}}],"line":193},"17":{"loc":{"start":{"line":194,"column":17},"end":{"line":194,"column":null}},"type":"cond-expr","locations":[{"start":{"line":194,"column":33},"end":{"line":194,"column":44}},{"start":{"line":194,"column":44},"end":{"line":194,"column":null}}],"line":194},"18":{"loc":{"start":{"line":196,"column":15},"end":{"line":197,"column":null}},"type":"binary-expr","locations":[{"start":{"line":196,"column":15},"end":{"line":196,"column":null}},{"start":{"line":197,"column":16},"end":{"line":197,"column":null}}],"line":196},"19":{"loc":{"start":{"line":215,"column":51},"end":{"line":215,"column":89}},"type":"cond-expr","locations":[{"start":{"line":215,"column":66},"end":{"line":215,"column":78}},{"start":{"line":215,"column":78},"end":{"line":215,"column":89}}],"line":215},"20":{"loc":{"start":{"line":215,"column":89},"end":{"line":215,"column":109}},"type":"binary-expr","locations":[{"start":{"line":215,"column":89},"end":{"line":215,"column":105}},{"start":{"line":215,"column":105},"end":{"line":215,"column":109}}],"line":215},"21":{"loc":{"start":{"line":221,"column":51},"end":{"line":221,"column":87}},"type":"cond-expr","locations":[{"start":{"line":221,"column":64},"end":{"line":221,"column":76}},{"start":{"line":221,"column":76},"end":{"line":221,"column":87}}],"line":221},"22":{"loc":{"start":{"line":221,"column":87},"end":{"line":221,"column":105}},"type":"binary-expr","locations":[{"start":{"line":221,"column":87},"end":{"line":221,"column":101}},{"start":{"line":221,"column":101},"end":{"line":221,"column":105}}],"line":221},"23":{"loc":{"start":{"line":229,"column":27},"end":{"line":229,"column":null}},"type":"cond-expr","locations":[{"start":{"line":229,"column":45},"end":{"line":229,"column":57}},{"start":{"line":229,"column":57},"end":{"line":229,"column":null}}],"line":229},"24":{"loc":{"start":{"line":230,"column":11},"end":{"line":230,"column":null}},"type":"binary-expr","locations":[{"start":{"line":230,"column":11},"end":{"line":230,"column":59}},{"start":{"line":230,"column":59},"end":{"line":230,"column":null}}],"line":230},"25":{"loc":{"start":{"line":233,"column":38},"end":{"line":233,"column":null}},"type":"binary-expr","locations":[{"start":{"line":233,"column":38},"end":{"line":233,"column":68}},{"start":{"line":233,"column":68},"end":{"line":233,"column":null}}],"line":233}},"s":{"0":1,"1":1,"2":1,"3":15,"4":15,"5":15,"6":82,"7":15,"8":4,"9":7,"10":0,"11":0,"12":0,"13":0,"14":0,"15":0,"16":0,"17":0,"18":0,"19":0,"20":0,"21":0,"22":0,"23":0,"24":0,"25":0,"26":0,"27":0,"28":0,"29":0,"30":0,"31":0,"32":0,"33":0,"34":0,"35":0,"36":0,"37":0,"38":0,"39":0,"40":0,"41":0,"42":0,"43":0},"f":{"0":15,"1":4,"2":7,"3":0,"4":0,"5":0,"6":0,"7":0,"8":0,"9":0,"10":0,"11":0,"12":0,"13":0,"14":0,"15":0,"16":0,"17":0,"18":0,"19":0,"20":0,"21":0,"22":0,"23":0,"24":0,"25":0,"26":0,"27":0},"b":{"0":[0,0],"1":[0,0],"2":[0,0],"3":[0,0],"4":[0,0],"5":[0,0],"6":[0,0],"7":[0,0],"8":[0,0],"9":[0,0],"10":[0,0],"11":[0,0],"12":[0,0],"13":[0,0],"14":[0,0],"15":[0,0],"16":[0,0],"17":[0,0],"18":[0,0],"19":[0,0],"20":[0,0],"21":[0,0],"22":[0,0],"23":[0,0],"24":[0,0],"25":[0,0]},"meta":{"lastBranch":26,"lastFunction":28,"lastStatement":44,"seen":{"s:17:86:21:Infinity":0,"s:26:4:34:Infinity":1,"s:36:21:36:Infinity":2,"f:38:16:38:31":0,"s:39:13:39:Infinity":3,"s:40:2:42:Infinity":4,"s:40:15:40:18":5,"s:41:4:41:Infinity":6,"s:43:2:43:Infinity":7,"f:46:16:46:28":1,"s:47:2:47:Infinity":8,"f:47:41:47:42":2,"s:47:48:47:52":9,"f:56:9:56:26":3,"b:57:2:57:Infinity:undefined:undefined:undefined:undefined":0,"s:57:2:57:Infinity":10,"s:57:33:57:Infinity":11,"s:58:2:70:Infinity":12,"f:60:28:60:29":4,"s:61:21:61:Infinity":13,"s:62:8:67:Infinity":14,"b:63:37:63:52:63:52:63:63":1,"b:64:64:64:79:64:79:64:87":2,"b:65:15:65:33:65:33:65:Infinity":3,"f:74:9:74:26":5,"b:75:2:75:Infinity:undefined:undefined:undefined:undefined":4,"s:75:2:75:Infinity":15,"s:75:41:75:Infinity":16,"s:76:2:88:Infinity":17,"f:78:36:78:37":6,"s:79:21:79:Infinity":18,"s:80:8:85:Infinity":19,"b:81:34:81:49:81:49:81:52":5,"b:82:64:82:79:82:79:82:87":6,"b:83:15:83:33:83:33:83:Infinity":7,"f:92:9:92:20":7,"s:93:2:105:Infinity":20,"f:96:69:96:70":8,"s:96:78:96:99":21,"s:96:99:96:131":22,"f:101:68:101:69":9,"s:101:75:101:Infinity":23,"f:109:16:109:34":10,"s:110:2:175:Infinity":24,"f:116:14:116:15":11,"s:117:8:132:Infinity":25,"b:124:80:124:90:124:90:124:Infinity":8,"b:125:33:125:44:125:44:125:Infinity":9,"b:127:15:127:Infinity:128:16:128:Infinity":10,"f:140:14:140:15":12,"s:140:32:140:Infinity":26,"f:146:14:146:15":13,"s:146:32:146:Infinity":27,"b:146:66:146:78:146:78:146:89":11,"b:146:89:146:105:146:105:146:109":12,"f:152:14:152:15":14,"s:152:32:152:Infinity":28,"b:152:64:152:76:152:76:152:87":13,"b:152:87:152:101:152:101:152:105":14,"f:158:14:158:15":15,"s:158:32:158:Infinity":29,"f:164:14:164:15":16,"s:165:8:167:Infinity":30,"b:166:12:166:Infinity:167:12:167:Infinity":15,"f:173:14:173:15":17,"s:173:32:173:Infinity":31,"f:178:16:178:31":18,"s:179:2:257:Infinity":32,"f:185:14:185:15":19,"s:186:8:201:Infinity":33,"b:193:80:193:90:193:90:193:Infinity":16,"b:194:33:194:44:194:44:194:Infinity":17,"b:196:15:196:Infinity:197:16:197:Infinity":18,"f:209:14:209:15":20,"s:209:32:209:Infinity":34,"f:215:14:215:15":21,"s:215:32:215:Infinity":35,"b:215:66:215:78:215:78:215:89":19,"b:215:89:215:105:215:105:215:109":20,"f:221:14:221:15":22,"s:221:32:221:Infinity":36,"b:221:64:221:76:221:76:221:87":21,"b:221:87:221:101:221:101:221:105":22,"f:228:14:228:15":23,"s:229:8:231:Infinity":37,"b:229:45:229:57:229:57:229:Infinity":23,"b:230:11:230:59:230:59:230:Infinity":24,"f:233:20:233:21":24,"s:233:38:233:Infinity":38,"b:233:38:233:68:233:68:233:Infinity":25,"f:239:14:239:15":25,"s:239:32:239:Infinity":39,"f:245:14:245:15":26,"s:246:14:246:Infinity":40,"s:247:23:247:Infinity":41,"s:248:8:248:Infinity":42,"f:255:14:255:15":27,"s:255:32:255:Infinity":43}}}
}
